sonarr_eventtype Grab
sonarr_series_id 1308
sonarr_series_title Riverdale
sonarr_series_tvdbid 311954
sonarr_release_episodecount 1
sonarr_release_seasonnumber 6
sonarr_release_episodenumbers 1
sonarr_release_absoluteepisodenumbers 96
sonarr_release_title Riverdale (2017) - S06E01 AMZN WEB-DL 1080p AVC MULTi SPANiSH DD 5.1 Subs 
sonarr_release_indexer HD-Olimpo
sonarr_release_releasegroup 
sonarr_download_id F46D71B7CDB3EA9C23EEBA761A9D7EAACA6EF376

sonarr_eventtype Grab
sonarr_series_id 1308
sonarr_series_title Riverdale
sonarr_series_tvdbid 311954
sonarr_release_episodecount 1
sonarr_release_seasonnumber 6
sonarr_release_episodenumbers 2
sonarr_release_absoluteepisodenumbers 97
sonarr_release_title Riverdale (2017) - S06E02 AMZN WEB-DL 1080p AVC MULTi SPANiSH DD 5.1 Subs 
sonarr_release_indexer HD-Olimpo
sonarr_release_releasegroup 
sonarr_download_id 1EEEB1F098E207143BC94D7C40584413BB0BF5EB

